# JRE version: OpenJDK Runtime Environment (8.0_112-b06) (build 1.8.0_112-release-b06)
# Java VM: OpenJDK 64-Bit Server VM (25.112-b06 mixed mode windows-amd64 compressed oops)
Heap:
 PSYoungGen      total 398336K, used 74133K [0x00000000e0000000, 0x00000000f9f00000, 0x0000000100000000)
  eden space 371712K, 13% used [0x00000000e0000000,0x00000000e2fea630,0x00000000f6b00000)
  from space 26624K, 94% used [0x00000000f6b00000,0x00000000f837af90,0x00000000f8500000)
  to   space 22016K, 0% used [0x00000000f8800000,0x00000000f8800000,0x00000000f9d80000)
 ParOldGen       total 132608K, used 68383K [0x00000000a0000000, 0x00000000a8180000, 0x00000000e0000000)
  object space 132608K, 51% used [0x00000000a0000000,0x00000000a42c7ef0,0x00000000a8180000)
 Metaspace       used 75744K, capacity 80022K, committed 80256K, reserved 1118208K
  class space    used 9808K, capacity 10513K, committed 10624K, reserved 1048576K
GC Heap History (10 events):
Event: 1451.381 GC heap before
{Heap before GC invocations=18 (full 3):
 PSYoungGen      total 222720K, used 205824K [0x00000000e0000000, 0x00000000f0580000, 0x0000000100000000)
  eden space 205824K, 100% used [0x00000000e0000000,0x00000000ec900000,0x00000000ec900000)
  from space 16896K, 0% used [0x00000000eda00000,0x00000000eda00000,0x00000000eea80000)
  to   space 17408K, 0% used [0x00000000ec900000,0x00000000ec900000,0x00000000eda00000)
 ParOldGen       total 132608K, used 46985K [0x00000000a0000000, 0x00000000a8180000, 0x00000000e0000000)
  object space 132608K, 35% used [0x00000000a0000000,0x00000000a2de24b8,0x00000000a8180000)
 Metaspace       used 65473K, capacity 68258K, committed 68480K, reserved 1107968K
  class space    used 8700K, capacity 9260K, committed 9344K, reserved 1048576K
Event: 1451.401 GC heap after
Heap after GC invocations=18 (full 3):
 PSYoungGen      total 223232K, used 17405K [0x00000000e0000000, 0x00000000f4f80000, 0x0000000100000000)
  eden space 205824K, 0% used [0x00000000e0000000,0x00000000e0000000,0x00000000ec900000)
  from space 17408K, 99% used [0x00000000ec900000,0x00000000ed9ff4c0,0x00000000eda00000)
  to   space 19968K, 0% used [0x00000000f3c00000,0x00000000f3c00000,0x00000000f4f80000)
 ParOldGen       total 132608K, used 47138K [0x00000000a0000000, 0x00000000a8180000, 0x00000000e0000000)
  object space 132608K, 35% used [0x00000000a0000000,0x00000000a2e08938,0x00000000a8180000)
 Metaspace       used 65473K, capacity 68258K, committed 68480K, reserved 1107968K
  class space    used 8700K, capacity 9260K, committed 9344K, reserved 1048576K
}
Event: 1467.211 GC heap before
{Heap before GC invocations=19 (full 3):
 PSYoungGen      total 223232K, used 223229K [0x00000000e0000000, 0x00000000f4f80000, 0x0000000100000000)
  eden space 205824K, 100% used [0x00000000e0000000,0x00000000ec900000,0x00000000ec900000)
  from space 17408K, 99% used [0x00000000ec900000,0x00000000ed9ff4c0,0x00000000eda00000)
  to   space 19968K, 0% used [0x00000000f3c00000,0x00000000f3c00000,0x00000000f4f80000)
 ParOldGen       total 132608K, used 47138K [0x00000000a0000000, 0x00000000a8180000, 0x00000000e0000000)
  object space 132608K, 35% used [0x00000000a0000000,0x00000000a2e08938,0x00000000a8180000)
 Metaspace       used 71778K, capacity 75280K, committed 75520K, reserved 1114112K
  class space    used 9442K, capacity 10114K, committed 10240K, reserved 1048576K
Event: 1467.244 GC heap after
Heap after GC invocations=19 (full 3):
 PSYoungGen      total 314368K, used 16018K [0x00000000e0000000, 0x00000000f4c80000, 0x0000000100000000)
  eden space 297472K, 0% used [0x00000000e0000000,0x00000000e0000000,0x00000000f2280000)
  from space 16896K, 94% used [0x00000000f3c00000,0x00000000f4ba4990,0x00000000f4c80000)
  to   space 21504K, 0% used [0x00000000f2280000,0x00000000f2280000,0x00000000f3780000)
 ParOldGen       total 132608K, used 53852K [0x00000000a0000000, 0x00000000a8180000, 0x00000000e0000000)
  object space 132608K, 40% used [0x00000000a0000000,0x00000000a3497198,0x00000000a8180000)
 Metaspace       used 71778K, capacity 75280K, committed 75520K, reserved 1114112K
  class space    used 9442K, capacity 10114K, committed 10240K, reserved 1048576K
}
Event: 1491.624 GC heap before
{Heap before GC invocations=20 (full 3):
 PSYoungGen      total 314368K, used 313490K [0x00000000e0000000, 0x00000000f4c80000, 0x0000000100000000)
  eden space 297472K, 100% used [0x00000000e0000000,0x00000000f2280000,0x00000000f2280000)
  from space 16896K, 94% used [0x00000000f3c00000,0x00000000f4ba4990,0x00000000f4c80000)
  to   space 21504K, 0% used [0x00000000f2280000,0x00000000f2280000,0x00000000f3780000)
 ParOldGen       total 132608K, used 53852K [0x00000000a0000000, 0x00000000a8180000, 0x00000000e0000000)
  object space 132608K, 40% used [0x00000000a0000000,0x00000000a3497198,0x00000000a8180000)
 Metaspace       used 74076K, capacity 77660K, committed 77696K, reserved 1116160K
  class space    used 9672K, capacity 10334K, committed 10368K, reserved 1048576K
Event: 1491.670 GC heap after
Heap after GC invocations=20 (full 3):
 PSYoungGen      total 318976K, used 14159K [0x00000000e0000000, 0x00000000f9d80000, 0x0000000100000000)
  eden space 297472K, 0% used [0x00000000e0000000,0x00000000e0000000,0x00000000f2280000)
  from space 21504K, 65% used [0x00000000f2280000,0x00000000f3053d50,0x00000000f3780000)
  to   space 22016K, 0% used [0x00000000f8800000,0x00000000f8800000,0x00000000f9d80000)
 ParOldGen       total 132608K, used 64054K [0x00000000a0000000, 0x00000000a8180000, 0x00000000e0000000)
  object space 132608K, 48% used [0x00000000a0000000,0x00000000a3e8db28,0x00000000a8180000)
 Metaspace       used 74076K, capacity 77660K, committed 77696K, reserved 1116160K
  class space    used 9672K, capacity 10334K, committed 10368K, reserved 1048576K
}
Event: 1925.333 GC heap before
{Heap before GC invocations=21 (full 3):
 PSYoungGen      total 318976K, used 311631K [0x00000000e0000000, 0x00000000f9d80000, 0x0000000100000000)
  eden space 297472K, 100% used [0x00000000e0000000,0x00000000f2280000,0x00000000f2280000)
  from space 21504K, 65% used [0x00000000f2280000,0x00000000f3053d50,0x00000000f3780000)
  to   space 22016K, 0% used [0x00000000f8800000,0x00000000f8800000,0x00000000f9d80000)
 ParOldGen       total 132608K, used 64054K [0x00000000a0000000, 0x00000000a8180000, 0x00000000e0000000)
  object space 132608K, 48% used [0x00000000a0000000,0x00000000a3e8db28,0x00000000a8180000)
 Metaspace       used 74768K, capacity 78630K, committed 78848K, reserved 1118208K
  class space    used 9723K, capacity 10395K, committed 10496K, reserved 1048576K
Event: 1925.371 GC heap after
Heap after GC invocations=21 (full 3):
 PSYoungGen      total 393728K, used 21994K [0x00000000e0000000, 0x00000000f9f00000, 0x0000000100000000)
  eden space 371712K, 0% used [0x00000000e0000000,0x00000000e0000000,0x00000000f6b00000)
  from space 22016K, 99% used [0x00000000f8800000,0x00000000f9d7a828,0x00000000f9d80000)
  to   space 26624K, 0% used [0x00000000f6b00000,0x00000000f6b00000,0x00000000f8500000)
 ParOldGen       total 132608K, used 67507K [0x00000000a0000000, 0x00000000a8180000, 0x00000000e0000000)
  object space 132608K, 50% used [0x00000000a0000000,0x00000000a41ece90,0x00000000a8180000)
 Metaspace       used 74768K, capacity 78630K, committed 78848K, reserved 1118208K
  class space    used 9723K, capacity 10395K, committed 10496K, reserved 1048576K
}
Event: 4856.927 GC heap before
{Heap before GC invocations=22 (full 3):
 PSYoungGen      total 393728K, used 393706K [0x00000000e0000000, 0x00000000f9f00000, 0x0000000100000000)
  eden space 371712K, 100% used [0x00000000e0000000,0x00000000f6b00000,0x00000000f6b00000)
  from space 22016K, 99% used [0x00000000f8800000,0x00000000f9d7a828,0x00000000f9d80000)
  to   space 26624K, 0% used [0x00000000f6b00000,0x00000000f6b00000,0x00000000f8500000)
 ParOldGen       total 132608K, used 67507K [0x00000000a0000000, 0x00000000a8180000, 0x00000000e0000000)
  object space 132608K, 50% used [0x00000000a0000000,0x00000000a41ece90,0x00000000a8180000)
 Metaspace       used 75690K, capacity 79962K, committed 80256K, reserved 1118208K
  class space    used 9801K, capacity 10503K, committed 10624K, reserved 1048576K
Event: 4856.956 GC heap after
Heap after GC invocations=22 (full 3):
 PSYoungGen      total 398336K, used 25067K [0x00000000e0000000, 0x00000000f9f00000, 0x0000000100000000)
  eden space 371712K, 0% used [0x00000000e0000000,0x00000000e0000000,0x00000000f6b00000)
  from space 26624K, 94% used [0x00000000f6b00000,0x00000000f837af90,0x00000000f8500000)
  to   space 22016K, 0% used [0x00000000f8800000,0x00000000f8800000,0x00000000f9d80000)
 ParOldGen       total 132608K, used 68383K [0x00000000a0000000, 0x00000000a8180000, 0x00000000e0000000)
  object space 132608K, 51% used [0x00000000a0000000,0x00000000a42c7ef0,0x00000000a8180000)
 Metaspace       used 75690K, capacity 79962K, committed 80256K, reserved 1118208K
  class space    used 9801K, capacity 10503K, committed 10624K, reserved 1048576K
}

